<?xml version="1.0" encoding="UTF-8"?>
<testsuite xmlns:xsi="http://www.w3.org/2001/XMLSchema-instance" xsi:noNamespaceSchemaLocation="https://maven.apache.org/surefire/maven-surefire-plugin/xsd/surefire-test-report.xsd" name="TestSuite" time="26.11" tests="2" errors="0" skipped="0" failures="1">
  <properties>
[...]
</properties>
  <testcase name="runScenario" classname="com.w2a.APITestingFramework.cuke.runner.RunCuke" time="15.221"/>
  <testcase name="runScenario" classname="com.w2a.APITestingFramework.cuke.runner.RunCuke" time="8.551">
    <failure message="expected [300] but found [200]" type="java.lang.AssertionError">java.lang.AssertionError: expected [300] but found [200]
</failure>
    <system-out><![CDATA[Order id is : 5KW387932U618372V
]]></system-out>
  </testcase>
</testsuite>